#
# A fatal error has been detected by the Java Runtime Environment:
#
#  EXCEPTION_ACCESS_VIOLATION (0xc0000005) at pc=0x00007ffee6e99ba1, pid=95104, tid=79952
#
# JRE version: OpenJDK Runtime Environment AdoptOpenJDK (11.0.9.1+1) (build 11.0.9.1+1)
# Java VM: OpenJDK 64-Bit Server VM AdoptOpenJDK (11.0.9.1+1, mixed mode, tiered, compressed oops, g1 gc, windows-amd64)
# Problematic frame:
# C  [nvoglv64.dll+0xbc9ba1]
#
# No core dump will be written. Minidumps are not enabled by default on client versions of Windows
#
# If you would like to submit a bug report, please visit:
#   https://github.com/AdoptOpenJDK/openjdk-support/issues
# The crash happened outside the Java Virtual Machine in native code.
# See problematic frame for where to report the bug.
#

---------------  S U M M A R Y ------------

Command Line: -Dfile.encoding=windows-1250 -Duser.country=GB -Duser.language=en -Duser.variant pl.adrianherdzina.Main

Host: Intel(R) Core(TM) i7-10700K CPU @ 3.80GHz, 16 cores, 31G,  Windows 10 , 64 bit Build 19041 (10.0.19041.1023)
Time: Mon Jul  5 14:35:48 2021 Central European Summer Time elapsed time: 0.774420 seconds (0d 0h 0m 0s)

---------------  T H R E A D  ---------------

Current thread (0x0000024b2b76d000):  JavaThread "main" [_thread_in_native, id=79952, stack(0x00000058f3600000,0x00000058f3700000)]

Stack: [0x00000058f3600000,0x00000058f3700000],  sp=0x00000058f36ff380,  free space=1020k
Native frames: (J=compiled Java code, j=interpreted, Vv=VM code, C=native code)
C  [nvoglv64.dll+0xbc9ba1]

Java frames: (J=compiled Java code, j=interpreted, Vv=VM code)
j  org.lwjgl.opengl.GL11C.nglDrawElements(IIIJ)V+0
j  org.lwjgl.opengl.GL11C.glDrawElements(IIIJ)V+4
j  org.lwjgl.opengl.GL11.glDrawElements(IIIJ)V+4
j  pl.adrianherdzina.jade.LevelEditorScene.update(F)V+25
j  pl.adrianherdzina.jade.Window.loop()V+59
j  pl.adrianherdzina.jade.Window.run()V+19
j  pl.adrianherdzina.Main.main([Ljava/lang/String;)V+5
v  ~StubRoutines::call_stub

siginfo: EXCEPTION_ACCESS_VIOLATION (0xc0000005), reading address 0x0000000000000014


Register to memory mapping:

RIP=0x00007ffee6e99ba1 nvoglv64.dll
RAX=0x000000b873189559 is an unknown value
RBX=0x0 is NULL
RCX=0x0 is NULL
RDX=0x000007347ef5d57c is an unknown value
RSP=0x00000058f36ff380 is pointing into the stack for thread: 0x0000024b2b76d000
RBP=0x0000024b5c199080 points into unknown readable memory: 00 00 00 00 00 00 00 00
RSI=0x0000000000000006 is an unknown value
RDI=0x0000000000000001 is an unknown value
R8 =0x00000000000000ca is an unknown value
R9 =0x0 is NULL
R10=0x0000000000000001 is an unknown value
R11=0x00000316dec74097 is an unknown value
R12=0x0000000000001405 is an unknown value
R13=0x0000000000001405 is an unknown value
R14=0x00000058f36ff598 is pointing into the stack for thread: 0x0000024b2b76d000
R15=0x0 is NULL


Registers:
RAX=0x000000b873189559, RBX=0x0000000000000000, RCX=0x0000000000000000, RDX=0x000007347ef5d57c
RSP=0x00000058f36ff380, RBP=0x0000024b5c199080, RSI=0x0000000000000006, RDI=0x0000000000000001
R8 =0x00000000000000ca, R9 =0x0000000000000000, R10=0x0000000000000001, R11=0x00000316dec74097
R12=0x0000000000001405, R13=0x0000000000001405, R14=0x00000058f36ff598, R15=0x0000000000000000
RIP=0x00007ffee6e99ba1, EFLAGS=0x0000000000010246

Top of Stack: (sp=0x00000058f36ff380)
0x00000058f36ff380:   0000000000000018 00007fff74620bdb
0x00000058f36ff390:   0000000000000000 0000000000000000
0x00000058f36ff3a0:   8000002200000000 0000000000000000
0x00000058f36ff3b0:   0000000000000000 0000000000000000
0x00000058f36ff3c0:   0000000000000001 0000000000000000
0x00000058f36ff3d0:   0000000000000000 00007fff74691070
0x00000058f36ff3e0:   0000024b5a58e940 0000000000000000
0x00000058f36ff3f0:   00000058f36ff598 0000000000001405
0x00000058f36ff400:   0000024b5c199080 0000000000000004
0x00000058f36ff410:   0000000000000006 00000058f36ff558
0x00000058f36ff420:   0000000000000000 00007ffee6af79a6
0x00000058f36ff430:   0000024b5c199ed8 0000005800000004
0x00000058f36ff440:   00007fff00000000 0000024b00000000
0x00000058f36ff450:   0000000000000018 0000000000001405
0x00000058f36ff460:   0000000000000000 0000000000000000
0x00000058f36ff470:   0000000000000000 00007fff7460a5c3 

Instructions: (pc=0x00007ffee6e99ba1)
0x00007ffee6e99aa1:   00 48 8b e9 44 8b a4 24 d8 00 00 00 45 8b d8 44
0x00007ffee6e99ab1:   8b c2 8b de 48 8b 91 88 03 00 00 41 8b cc d1 e9
0x00007ffee6e99ac1:   83 e1 03 48 89 94 24 b0 00 00 00 d3 e3 44 8b 52
0x00007ffee6e99ad1:   14 8b 42 18 41 f7 d2 44 23 52 0c 41 0b c2 89 9c
0x00007ffee6e99ae1:   24 d0 00 00 00 f7 d0 23 42 10 80 7a 1e 00 0f 85
0x00007ffee6e99af1:   db 08 00 00 80 bd dc ec 55 00 00 0f 85 ce 08 00
0x00007ffee6e99b01:   00 85 f6 0f 8e c6 08 00 00 3b 9d e8 ee 55 00 0f
0x00007ffee6e99b11:   8f ba 08 00 00 83 7a 08 00 0f 85 b0 08 00 00 80
0x00007ffee6e99b21:   7a 1d 00 0f 85 a6 08 00 00 80 7a 1c 00 0f 85 9c
0x00007ffee6e99b31:   08 00 00 80 bd e5 38 55 00 00 0f 85 8f 08 00 00
0x00007ffee6e99b41:   80 bd ec 38 55 00 00 0f 85 82 08 00 00 a9 00 00
0x00007ffee6e99b51:   03 00 0f 85 77 08 00 00 44 0b d0 44 85 52 20 0f
0x00007ffee6e99b61:   85 6a 08 00 00 48 89 bc 24 80 00 00 00 48 8d 8d
0x00007ffee6e99b71:   40 f0 55 00 4c 89 6c 24 78 bf 01 00 00 00 8b d7
0x00007ffee6e99b81:   4c 89 74 24 70 4c 89 7c 24 68 e8 30 23 e7 ff 48
0x00007ffee6e99b91:   8b 9c 24 e0 00 00 00 41 81 fc 05 14 00 00 75 18
0x00007ffee6e99ba1:   8b 44 b3 fc 4c 8d 6e ff 8b 0b 44 8b f0 3b c8 44
0x00007ffee6e99bb1:   0f 47 f1 0f 42 c1 eb 5c 41 81 fc 03 14 00 00 75
0x00007ffee6e99bc1:   23 0f b7 4c 73 fe 4c 8d 6e ff 0f b7 13 0f b7 c1
0x00007ffee6e99bd1:   66 3b d1 66 0f 47 c2 66 0f 42 ca 44 0f b7 f0 0f
0x00007ffee6e99be1:   b7 c1 eb 30 41 81 fc 01 14 00 00 0f 85 95 07 00
0x00007ffee6e99bf1:   00 0f b6 54 33 ff 4c 8d 6e ff 44 0f b6 03 8b ca
0x00007ffee6e99c01:   44 3a c2 41 0f 47 c8 44 0f b6 f1 8b ca 41 0f 42
0x00007ffee6e99c11:   c8 0f b6 c1 48 8b 8c 24 b0 00 00 00 44 8d 7e ff
0x00007ffee6e99c21:   44 2b f0 e8 37 0c 00 00 48 8b 84 24 b0 00 00 00
0x00007ffee6e99c31:   44 8b 50 78 41 8b c2 41 0f af c6 44 89 94 24 d8
0x00007ffee6e99c41:   00 00 00 3b 85 ec ee 55 00 0f 8f 37 07 00 00 0f
0x00007ffee6e99c51:   29 74 24 50 41 81 fc 05 14 00 00 0f 85 15 01 00
0x00007ffee6e99c61:   00 44 8b 0b 45 8b f1 48 8d 53 04 3b f7 0f 8e 8d
0x00007ffee6e99c71:   03 00 00 41 83 ff 08 0f 82 be 00 00 00 83 3d fb
0x00007ffee6e99c81:   9d be 01 02 0f 8c b1 00 00 00 41 81 e7 07 00 00
0x00007ffee6e99c91:   80 7d 0a 41 ff cf 41 83 cf f8 41 ff c7 66 41 0f 


Stack slot to memory mapping:
stack at sp + 0 slots: 0x0000000000000018 is an unknown value
stack at sp + 1 slots: 0x00007fff74620bdb USER32.dll
stack at sp + 2 slots: 0x0 is NULL
stack at sp + 3 slots: 0x0 is NULL
stack at sp + 4 slots: 0x8000002200000000 is an unknown value
stack at sp + 5 slots: 0x0 is NULL
stack at sp + 6 slots: 0x0 is NULL
stack at sp + 7 slots: 0x0 is NULL


---------------  P R O C E S S  ---------------

Threads class SMR info:
_java_thread_list=0x0000024b5ee1d130, length=12, elements={
0x0000024b2b76d000, 0x0000024b5a737000, 0x0000024b5a740000, 0x0000024b5a79b800,
0x0000024b5a79d000, 0x0000024b5a7a0000, 0x0000024b5a7a1000, 0x0000024b5a7b8800,
0x0000024b5a8ef800, 0x0000024b5a935000, 0x0000024b5a957800, 0x0000024b5f15b800
}

Java Threads: ( => current thread )
=>0x0000024b2b76d000 JavaThread "main" [_thread_in_native, id=79952, stack(0x00000058f3600000,0x00000058f3700000)]
  0x0000024b5a737000 JavaThread "Reference Handler" daemon [_thread_blocked, id=94560, stack(0x00000058f3d00000,0x00000058f3e00000)]
  0x0000024b5a740000 JavaThread "Finalizer" daemon [_thread_blocked, id=39768, stack(0x00000058f3e00000,0x00000058f3f00000)]
  0x0000024b5a79b800 JavaThread "Signal Dispatcher" daemon [_thread_blocked, id=71708, stack(0x00000058f3f00000,0x00000058f4000000)]
  0x0000024b5a79d000 JavaThread "Attach Listener" daemon [_thread_blocked, id=83120, stack(0x00000058f4000000,0x00000058f4100000)]
  0x0000024b5a7a0000 JavaThread "C2 CompilerThread0" daemon [_thread_blocked, id=40528, stack(0x00000058f4100000,0x00000058f4200000)]
  0x0000024b5a7a1000 JavaThread "C1 CompilerThread0" daemon [_thread_blocked, id=98904, stack(0x00000058f4200000,0x00000058f4300000)]
  0x0000024b5a7b8800 JavaThread "Sweeper thread" daemon [_thread_blocked, id=56912, stack(0x00000058f4300000,0x00000058f4400000)]
  0x0000024b5a8ef800 JavaThread "C1 CompilerThread1" daemon [_thread_blocked, id=93116, stack(0x00000058f4400000,0x00000058f4500000)]
  0x0000024b5a935000 JavaThread "Service Thread" daemon [_thread_blocked, id=72876, stack(0x00000058f4500000,0x00000058f4600000)]
  0x0000024b5a957800 JavaThread "Common-Cleaner" daemon [_thread_blocked, id=67680, stack(0x00000058f4700000,0x00000058f4800000)]
  0x0000024b5f15b800 JavaThread "C1 CompilerThread2" daemon [_thread_blocked, id=56868, stack(0x00000058f4e00000,0x00000058f4f00000)]

Other Threads:
  0x0000024b5a715800 VMThread "VM Thread" [stack: 0x00000058f3c00000,0x00000058f3d00000] [id=96168]
  0x0000024b5a94d800 WatcherThread [stack: 0x00000058f4600000,0x00000058f4700000] [id=74480]
  0x0000024b2b786800 GCTaskThread "GC Thread#0" [stack: 0x00000058f3700000,0x00000058f3800000] [id=23848]
  0x0000024b2b80b800 ConcurrentGCThread "G1 Main Marker" [stack: 0x00000058f3800000,0x00000058f3900000] [id=66732]
  0x0000024b2b80d000 ConcurrentGCThread "G1 Conc#0" [stack: 0x00000058f3900000,0x00000058f3a00000] [id=85028]
  0x0000024b59d7b000 ConcurrentGCThread "G1 Refine#0" [stack: 0x00000058f3a00000,0x00000058f3b00000] [id=46160]
  0x0000024b59d7e000 ConcurrentGCThread "G1 Young RemSet Sampling" [stack: 0x00000058f3b00000,0x00000058f3c00000] [id=32040]

Threads with active compile tasks:

VM state:not at safepoint (normal execution)

VM Mutex/Monitor currently owned by a thread: None

Heap address: 0x0000000602c00000, size: 8148 MB, Compressed Oops mode: Zero based, Oop shift amount: 3
Narrow klass base: 0x0000000800000000, Narrow klass shift: 0
Compressed class space size: 1073741824 Address: 0x0000000800000000

Heap:
 garbage-first heap   total 522240K, used 16384K [0x0000000602c00000, 0x0000000800000000)
  region size 2048K, 10 young (20480K), 0 survivors (0K)
 Metaspace       used 12402K, capacity 12502K, committed 12800K, reserved 1060864K
  class space    used 878K, capacity 919K, committed 1024K, reserved 1048576K
Heap Regions: E=young(eden), S=young(survivor), O=old, HS=humongous(starts), HC=humongous(continues), CS=collection set, F=free, A=archive, TAMS=top-at-mark-start (previous, next)
|   0|0x0000000602c00000, 0x0000000602c00000, 0x0000000602e00000|  0%| F|  |TAMS 0x0000000602c00000, 0x0000000602c00000| Untracked 
|   1|0x0000000602e00000, 0x0000000602e00000, 0x0000000603000000|  0%| F|  |TAMS 0x0000000602e00000, 0x0000000602e00000| Untracked 
|   2|0x0000000603000000, 0x0000000603000000, 0x0000000603200000|  0%| F|  |TAMS 0x0000000603000000, 0x0000000603000000| Untracked 
|   3|0x0000000603200000, 0x0000000603200000, 0x0000000603400000|  0%| F|  |TAMS 0x0000000603200000, 0x0000000603200000| Untracked 
|   4|0x0000000603400000, 0x0000000603400000, 0x0000000603600000|  0%| F|  |TAMS 0x0000000603400000, 0x0000000603400000| Untracked 
|   5|0x0000000603600000, 0x0000000603600000, 0x0000000603800000|  0%| F|  |TAMS 0x0000000603600000, 0x0000000603600000| Untracked 
|   6|0x0000000603800000, 0x0000000603800000, 0x0000000603a00000|  0%| F|  |TAMS 0x0000000603800000, 0x0000000603800000| Untracked 
|   7|0x0000000603a00000, 0x0000000603a00000, 0x0000000603c00000|  0%| F|  |TAMS 0x0000000603a00000, 0x0000000603a00000| Untracked 
|   8|0x0000000603c00000, 0x0000000603c00000, 0x0000000603e00000|  0%| F|  |TAMS 0x0000000603c00000, 0x0000000603c00000| Untracked 
|   9|0x0000000603e00000, 0x0000000603e00000, 0x0000000604000000|  0%| F|  |TAMS 0x0000000603e00000, 0x0000000603e00000| Untracked 
|  10|0x0000000604000000, 0x0000000604000000, 0x0000000604200000|  0%| F|  |TAMS 0x0000000604000000, 0x0000000604000000| Untracked 
|  11|0x0000000604200000, 0x0000000604200000, 0x0000000604400000|  0%| F|  |TAMS 0x0000000604200000, 0x0000000604200000| Untracked 
|  12|0x0000000604400000, 0x0000000604400000, 0x0000000604600000|  0%| F|  |TAMS 0x0000000604400000, 0x0000000604400000| Untracked 
|  13|0x0000000604600000, 0x0000000604600000, 0x0000000604800000|  0%| F|  |TAMS 0x0000000604600000, 0x0000000604600000| Untracked 
|  14|0x0000000604800000, 0x0000000604800000, 0x0000000604a00000|  0%| F|  |TAMS 0x0000000604800000, 0x0000000604800000| Untracked 
|  15|0x0000000604a00000, 0x0000000604a00000, 0x0000000604c00000|  0%| F|  |TAMS 0x0000000604a00000, 0x0000000604a00000| Untracked 
|  16|0x0000000604c00000, 0x0000000604c00000, 0x0000000604e00000|  0%| F|  |TAMS 0x0000000604c00000, 0x0000000604c00000| Untracked 
|  17|0x0000000604e00000, 0x0000000604e00000, 0x0000000605000000|  0%| F|  |TAMS 0x0000000604e00000, 0x0000000604e00000| Untracked 
|  18|0x0000000605000000, 0x0000000605000000, 0x0000000605200000|  0%| F|  |TAMS 0x0000000605000000, 0x0000000605000000| Untracked 
|  19|0x0000000605200000, 0x0000000605200000, 0x0000000605400000|  0%| F|  |TAMS 0x0000000605200000, 0x0000000605200000| Untracked 
|  20|0x0000000605400000, 0x0000000605400000, 0x0000000605600000|  0%| F|  |TAMS 0x0000000605400000, 0x0000000605400000| Untracked 
|  21|0x0000000605600000, 0x0000000605600000, 0x0000000605800000|  0%| F|  |TAMS 0x0000000605600000, 0x0000000605600000| Untracked 
|  22|0x0000000605800000, 0x0000000605800000, 0x0000000605a00000|  0%| F|  |TAMS 0x0000000605800000, 0x0000000605800000| Untracked 
|  23|0x0000000605a00000, 0x0000000605a00000, 0x0000000605c00000|  0%| F|  |TAMS 0x0000000605a00000, 0x0000000605a00000| Untracked 
|  24|0x0000000605c00000, 0x0000000605c00000, 0x0000000605e00000|  0%| F|  |TAMS 0x0000000605c00000, 0x0000000605c00000| Untracked 
|  25|0x0000000605e00000, 0x0000000605e00000, 0x0000000606000000|  0%| F|  |TAMS 0x0000000605e00000, 0x0000000605e00000| Untracked 
|  26|0x0000000606000000, 0x0000000606000000, 0x0000000606200000|  0%| F|  |TAMS 0x0000000606000000, 0x0000000606000000| Untracked 
|  27|0x0000000606200000, 0x0000000606200000, 0x0000000606400000|  0%| F|  |TAMS 0x0000000606200000, 0x0000000606200000| Untracked 
|  28|0x0000000606400000, 0x0000000606400000, 0x0000000606600000|  0%| F|  |TAMS 0x0000000606400000, 0x0000000606400000| Untracked 
|  29|0x0000000606600000, 0x0000000606600000, 0x0000000606800000|  0%| F|  |TAMS 0x0000000606600000, 0x0000000606600000| Untracked 
|  30|0x0000000606800000, 0x0000000606800000, 0x0000000606a00000|  0%| F|  |TAMS 0x0000000606800000, 0x0000000606800000| Untracked 
|  31|0x0000000606a00000, 0x0000000606a00000, 0x0000000606c00000|  0%| F|  |TAMS 0x0000000606a00000, 0x0000000606a00000| Untracked 
|  32|0x0000000606c00000, 0x0000000606c00000, 0x0000000606e00000|  0%| F|  |TAMS 0x0000000606c00000, 0x0000000606c00000| Untracked 
|  33|0x0000000606e00000, 0x0000000606e00000, 0x0000000607000000|  0%| F|  |TAMS 0x0000000606e00000, 0x0000000606e00000| Untracked 
|  34|0x0000000607000000, 0x0000000607000000, 0x0000000607200000|  0%| F|  |TAMS 0x0000000607000000, 0x0000000607000000| Untracked 
|  35|0x0000000607200000, 0x0000000607200000, 0x0000000607400000|  0%| F|  |TAMS 0x0000000607200000, 0x0000000607200000| Untracked 
|  36|0x0000000607400000, 0x0000000607400000, 0x0000000607600000|  0%| F|  |TAMS 0x0000000607400000, 0x0000000607400000| Untracked 
|  37|0x0000000607600000, 0x0000000607600000, 0x0000000607800000|  0%| F|  |TAMS 0x0000000607600000, 0x0000000607600000| Untracked 
|  38|0x0000000607800000, 0x0000000607800000, 0x0000000607a00000|  0%| F|  |TAMS 0x0000000607800000, 0x0000000607800000| Untracked 
|  39|0x0000000607a00000, 0x0000000607a00000, 0x0000000607c00000|  0%| F|  |TAMS 0x0000000607a00000, 0x0000000607a00000| Untracked 
|  40|0x0000000607c00000, 0x0000000607c00000, 0x0000000607e00000|  0%| F|  |TAMS 0x0000000607c00000, 0x0000000607c00000| Untracked 
|  41|0x0000000607e00000, 0x0000000607e00000, 0x0000000608000000|  0%| F|  |TAMS 0x0000000607e00000, 0x0000000607e00000| Untracked 
|  42|0x0000000608000000, 0x0000000608000000, 0x0000000608200000|  0%| F|  |TAMS 0x0000000608000000, 0x0000000608000000| Untracked 
|  43|0x0000000608200000, 0x0000000608200000, 0x0000000608400000|  0%| F|  |TAMS 0x0000000608200000, 0x0000000608200000| Untracked 
|  44|0x0000000608400000, 0x0000000608400000, 0x0000000608600000|  0%| F|  |TAMS 0x0000000608400000, 0x0000000608400000| Untracked 
|  45|0x0000000608600000, 0x0000000608600000, 0x0000000608800000|  0%| F|  |TAMS 0x0000000608600000, 0x0000000608600000| Untracked 
|  46|0x0000000608800000, 0x0000000608800000, 0x0000000608a00000|  0%| F|  |TAMS 0x0000000608800000, 0x0000000608800000| Untracked 
|  47|0x0000000608a00000, 0x0000000608a00000, 0x0000000608c00000|  0%| F|  |TAMS 0x0000000608a00000, 0x0000000608a00000| Untracked 
|  48|0x0000000608c00000, 0x0000000608c00000, 0x0000000608e00000|  0%| F|  |TAMS 0x0000000608c00000, 0x0000000608c00000| Untracked 
|  49|0x0000000608e00000, 0x0000000608e00000, 0x0000000609000000|  0%| F|  |TAMS 0x0000000608e00000, 0x0000000608e00000| Untracked 
|  50|0x0000000609000000, 0x0000000609000000, 0x0000000609200000|  0%| F|  |TAMS 0x0000000609000000, 0x0000000609000000| Untracked 
|  51|0x0000000609200000, 0x0000000609200000, 0x0000000609400000|  0%| F|  |TAMS 0x0000000609200000, 0x0000000609200000| Untracked 
|  52|0x0000000609400000, 0x0000000609400000, 0x0000000609600000|  0%| F|  |TAMS 0x0000000609400000, 0x0000000609400000| Untracked 
|  53|0x0000000609600000, 0x0000000609600000, 0x0000000609800000|  0%| F|  |TAMS 0x0000000609600000, 0x0000000609600000| Untracked 
|  54|0x0000000609800000, 0x0000000609800000, 0x0000000609a00000|  0%| F|  |TAMS 0x0000000609800000, 0x0000000609800000| Untracked 
|  55|0x0000000609a00000, 0x0000000609a00000, 0x0000000609c00000|  0%| F|  |TAMS 0x0000000609a00000, 0x0000000609a00000| Untracked 
|  56|0x0000000609c00000, 0x0000000609c00000, 0x0000000609e00000|  0%| F|  |TAMS 0x0000000609c00000, 0x0000000609c00000| Untracked 
|  57|0x0000000609e00000, 0x0000000609e00000, 0x000000060a000000|  0%| F|  |TAMS 0x0000000609e00000, 0x0000000609e00000| Untracked 
|  58|0x000000060a000000, 0x000000060a000000, 0x000000060a200000|  0%| F|  |TAMS 0x000000060a000000, 0x000000060a000000| Untracked 
|  59|0x000000060a200000, 0x000000060a200000, 0x000000060a400000|  0%| F|  |TAMS 0x000000060a200000, 0x000000060a200000| Untracked 
|  60|0x000000060a400000, 0x000000060a400000, 0x000000060a600000|  0%| F|  |TAMS 0x000000060a400000, 0x000000060a400000| Untracked 
|  61|0x000000060a600000, 0x000000060a600000, 0x000000060a800000|  0%| F|  |TAMS 0x000000060a600000, 0x000000060a600000| Untracked 
|  62|0x000000060a800000, 0x000000060a800000, 0x000000060aa00000|  0%| F|  |TAMS 0x000000060a800000, 0x000000060a800000| Untracked 
|  63|0x000000060aa00000, 0x000000060aa00000, 0x000000060ac00000|  0%| F|  |TAMS 0x000000060aa00000, 0x000000060aa00000| Untracked 
|  64|0x000000060ac00000, 0x000000060ac00000, 0x000000060ae00000|  0%| F|  |TAMS 0x000000060ac00000, 0x000000060ac00000| Untracked 
|  65|0x000000060ae00000, 0x000000060ae00000, 0x000000060b000000|  0%| F|  |TAMS 0x000000060ae00000, 0x000000060ae00000| Untracked 
|  66|0x000000060b000000, 0x000000060b000000, 0x000000060b200000|  0%| F|  |TAMS 0x000000060b000000, 0x000000060b000000| Untracked 
|  67|0x000000060b200000, 0x000000060b200000, 0x000000060b400000|  0%| F|  |TAMS 0x000000060b200000, 0x000000060b200000| Untracked 
|  68|0x000000060b400000, 0x000000060b400000, 0x000000060b600000|  0%| F|  |TAMS 0x000000060b400000, 0x000000060b400000| Untracked 
|  69|0x000000060b600000, 0x000000060b600000, 0x000000060b800000|  0%| F|  |TAMS 0x000000060b600000, 0x000000060b600000| Untracked 
|  70|0x000000060b800000, 0x000000060b800000, 0x000000060ba00000|  0%| F|  |TAMS 0x000000060b800000, 0x000000060b800000| Untracked 
|  71|0x000000060ba00000, 0x000000060ba00000, 0x000000060bc00000|  0%| F|  |TAMS 0x000000060ba00000, 0x000000060ba00000| Untracked 
|  72|0x000000060bc00000, 0x000000060bc00000, 0x000000060be00000|  0%| F|  |TAMS 0x000000060bc00000, 0x000000060bc00000| Untracked 
|  73|0x000000060be00000, 0x000000060be00000, 0x000000060c000000|  0%| F|  |TAMS 0x000000060be00000, 0x000000060be00000| Untracked 
|  74|0x000000060c000000, 0x000000060c000000, 0x000000060c200000|  0%| F|  |TAMS 0x000000060c000000, 0x000000060c000000| Untracked 
|  75|0x000000060c200000, 0x000000060c200000, 0x000000060c400000|  0%| F|  |TAMS 0x000000060c200000, 0x000000060c200000| Untracked 
|  76|0x000000060c400000, 0x000000060c400000, 0x000000060c600000|  0%| F|  |TAMS 0x000000060c400000, 0x000000060c400000| Untracked 
|  77|0x000000060c600000, 0x000000060c600000, 0x000000060c800000|  0%| F|  |TAMS 0x000000060c600000, 0x000000060c600000| Untracked 
|  78|0x000000060c800000, 0x000000060c800000, 0x000000060ca00000|  0%| F|  |TAMS 0x000000060c800000, 0x000000060c800000| Untracked 
|  79|0x000000060ca00000, 0x000000060ca00000, 0x000000060cc00000|  0%| F|  |TAMS 0x000000060ca00000, 0x000000060ca00000| Untracked 
|  80|0x000000060cc00000, 0x000000060cc00000, 0x000000060ce00000|  0%| F|  |TAMS 0x000000060cc00000, 0x000000060cc00000| Untracked 
|  81|0x000000060ce00000, 0x000000060ce00000, 0x000000060d000000|  0%| F|  |TAMS 0x000000060ce00000, 0x000000060ce00000| Untracked 
|  82|0x000000060d000000, 0x000000060d000000, 0x000000060d200000|  0%| F|  |TAMS 0x000000060d000000, 0x000000060d000000| Untracked 
|  83|0x000000060d200000, 0x000000060d200000, 0x000000060d400000|  0%| F|  |TAMS 0x000000060d200000, 0x000000060d200000| Untracked 
|  84|0x000000060d400000, 0x000000060d400000, 0x000000060d600000|  0%| F|  |TAMS 0x000000060d400000, 0x000000060d400000| Untracked 
|  85|0x000000060d600000, 0x000000060d600000, 0x000000060d800000|  0%| F|  |TAMS 0x000000060d600000, 0x000000060d600000| Untracked 
|  86|0x000000060d800000, 0x000000060d800000, 0x000000060da00000|  0%| F|  |TAMS 0x000000060d800000, 0x000000060d800000| Untracked 
|  87|0x000000060da00000, 0x000000060da00000, 0x000000060dc00000|  0%| F|  |TAMS 0x000000060da00000, 0x000000060da00000| Untracked 
|  88|0x000000060dc00000, 0x000000060dc00000, 0x000000060de00000|  0%| F|  |TAMS 0x000000060dc00000, 0x000000060dc00000| Untracked 
|  89|0x000000060de00000, 0x000000060de00000, 0x000000060e000000|  0%| F|  |TAMS 0x000000060de00000, 0x000000060de00000| Untracked 
|  90|0x000000060e000000, 0x000000060e000000, 0x000000060e200000|  0%| F|  |TAMS 0x000000060e000000, 0x000000060e000000| Untracked 
|  91|0x000000060e200000, 0x000000060e200000, 0x000000060e400000|  0%| F|  |TAMS 0x000000060e200000, 0x000000060e200000| Untracked 
|  92|0x000000060e400000, 0x000000060e400000, 0x000000060e600000|  0%| F|  |TAMS 0x000000060e400000, 0x000000060e400000| Untracked 
|  93|0x000000060e600000, 0x000000060e600000, 0x000000060e800000|  0%| F|  |TAMS 0x000000060e600000, 0x000000060e600000| Untracked 
|  94|0x000000060e800000, 0x000000060e800000, 0x000000060ea00000|  0%| F|  |TAMS 0x000000060e800000, 0x000000060e800000| Untracked 
|  95|0x000000060ea00000, 0x000000060ea00000, 0x000000060ec00000|  0%| F|  |TAMS 0x000000060ea00000, 0x000000060ea00000| Untracked 
|  96|0x000000060ec00000, 0x000000060ec00000, 0x000000060ee00000|  0%| F|  |TAMS 0x000000060ec00000, 0x000000060ec00000| Untracked 
|  97|0x000000060ee00000, 0x000000060ee00000, 0x000000060f000000|  0%| F|  |TAMS 0x000000060ee00000, 0x000000060ee00000| Untracked 
|  98|0x000000060f000000, 0x000000060f000000, 0x000000060f200000|  0%| F|  |TAMS 0x000000060f000000, 0x000000060f000000| Untracked 
|  99|0x000000060f200000, 0x000000060f200000, 0x000000060f400000|  0%| F|  |TAMS 0x000000060f200000, 0x000000060f200000| Untracked 
| 100|0x000000060f400000, 0x000000060f400000, 0x000000060f600000|  0%| F|  |TAMS 0x000000060f400000, 0x000000060f400000| Untracked 
| 101|0x000000060f600000, 0x000000060f600000, 0x000000060f800000|  0%| F|  |TAMS 0x000000060f600000, 0x000000060f600000| Untracked 
| 102|0x000000060f800000, 0x000000060f800000, 0x000000060fa00000|  0%| F|  |TAMS 0x000000060f800000, 0x000000060f800000| Untracked 
| 103|0x000000060fa00000, 0x000000060fa00000, 0x000000060fc00000|  0%| F|  |TAMS 0x000000060fa00000, 0x000000060fa00000| Untracked 
| 104|0x000000060fc00000, 0x000000060fc00000, 0x000000060fe00000|  0%| F|  |TAMS 0x000000060fc00000, 0x000000060fc00000| Untracked 
| 105|0x000000060fe00000, 0x000000060fe00000, 0x0000000610000000|  0%| F|  |TAMS 0x000000060fe00000, 0x000000060fe00000| Untracked 
| 106|0x0000000610000000, 0x0000000610000000, 0x0000000610200000|  0%| F|  |TAMS 0x0000000610000000, 0x0000000610000000| Untracked 
| 107|0x0000000610200000, 0x0000000610200000, 0x0000000610400000|  0%| F|  |TAMS 0x0000000610200000, 0x0000000610200000| Untracked 
| 108|0x0000000610400000, 0x0000000610400000, 0x0000000610600000|  0%| F|  |TAMS 0x0000000610400000, 0x0000000610400000| Untracked 
| 109|0x0000000610600000, 0x0000000610600000, 0x0000000610800000|  0%| F|  |TAMS 0x0000000610600000, 0x0000000610600000| Untracked 
| 110|0x0000000610800000, 0x0000000610800000, 0x0000000610a00000|  0%| F|  |TAMS 0x0000000610800000, 0x0000000610800000| Untracked 
| 111|0x0000000610a00000, 0x0000000610a00000, 0x0000000610c00000|  0%| F|  |TAMS 0x0000000610a00000, 0x0000000610a00000| Untracked 
| 112|0x0000000610c00000, 0x0000000610c00000, 0x0000000610e00000|  0%| F|  |TAMS 0x0000000610c00000, 0x0000000610c00000| Untracked 
| 113|0x0000000610e00000, 0x0000000610e00000, 0x0000000611000000|  0%| F|  |TAMS 0x0000000610e00000, 0x0000000610e00000| Untracked 
| 114|0x0000000611000000, 0x0000000611000000, 0x0000000611200000|  0%| F|  |TAMS 0x0000000611000000, 0x0000000611000000| Untracked 
| 115|0x0000000611200000, 0x0000000611200000, 0x0000000611400000|  0%| F|  |TAMS 0x0000000611200000, 0x0000000611200000| Untracked 
| 116|0x0000000611400000, 0x0000000611400000, 0x0000000611600000|  0%| F|  |TAMS 0x0000000611400000, 0x0000000611400000| Untracked 
| 117|0x0000000611600000, 0x0000000611600000, 0x0000000611800000|  0%| F|  |TAMS 0x0000000611600000, 0x0000000611600000| Untracked 
| 118|0x0000000611800000, 0x0000000611800000, 0x0000000611a00000|  0%| F|  |TAMS 0x0000000611800000, 0x0000000611800000| Untracked 
| 119|0x0000000611a00000, 0x0000000611a00000, 0x0000000611c00000|  0%| F|  |TAMS 0x0000000611a00000, 0x0000000611a00000| Untracked 
| 120|0x0000000611c00000, 0x0000000611c00000, 0x0000000611e00000|  0%| F|  |TAMS 0x0000000611c00000, 0x0000000611c00000| Untracked 
| 121|0x0000000611e00000, 0x0000000611e00000, 0x0000000612000000|  0%| F|  |TAMS 0x0000000611e00000, 0x0000000611e00000| Untracked 
| 122|0x0000000612000000, 0x0000000612000000, 0x0000000612200000|  0%| F|  |TAMS 0x0000000612000000, 0x0000000612000000| Untracked 
| 123|0x0000000612200000, 0x0000000612200000, 0x0000000612400000|  0%| F|  |TAMS 0x0000000612200000, 0x0000000612200000| Untracked 
| 124|0x0000000612400000, 0x0000000612400000, 0x0000000612600000|  0%| F|  |TAMS 0x0000000612400000, 0x0000000612400000| Untracked 
| 125|0x0000000612600000, 0x0000000612600000, 0x0000000612800000|  0%| F|  |TAMS 0x0000000612600000, 0x0000000612600000| Untracked 
| 126|0x0000000612800000, 0x0000000612800000, 0x0000000612a00000|  0%| F|  |TAMS 0x0000000612800000, 0x0000000612800000| Untracked 
| 127|0x0000000612a00000, 0x0000000612a00000, 0x0000000612c00000|  0%| F|  |TAMS 0x0000000612a00000, 0x0000000612a00000| Untracked 
| 128|0x0000000612c00000, 0x0000000612c00000, 0x0000000612e00000|  0%| F|  |TAMS 0x0000000612c00000, 0x0000000612c00000| Untracked 
| 129|0x0000000612e00000, 0x0000000612e00000, 0x0000000613000000|  0%| F|  |TAMS 0x0000000612e00000, 0x0000000612e00000| Untracked 
| 130|0x0000000613000000, 0x0000000613000000, 0x0000000613200000|  0%| F|  |TAMS 0x0000000613000000, 0x0000000613000000| Untracked 
| 131|0x0000000613200000, 0x0000000613200000, 0x0000000613400000|  0%| F|  |TAMS 0x0000000613200000, 0x0000000613200000| Untracked 
| 132|0x0000000613400000, 0x0000000613400000, 0x0000000613600000|  0%| F|  |TAMS 0x0000000613400000, 0x0000000613400000| Untracked 
| 133|0x0000000613600000, 0x0000000613600000, 0x0000000613800000|  0%| F|  |TAMS 0x0000000613600000, 0x0000000613600000| Untracked 
| 134|0x0000000613800000, 0x0000000613800000, 0x0000000613a00000|  0%| F|  |TAMS 0x0000000613800000, 0x0000000613800000| Untracked 
| 135|0x0000000613a00000, 0x0000000613a00000, 0x0000000613c00000|  0%| F|  |TAMS 0x0000000613a00000, 0x0000000613a00000| Untracked 
| 136|0x0000000613c00000, 0x0000000613c00000, 0x0000000613e00000|  0%| F|  |TAMS 0x0000000613c00000, 0x0000000613c00000| Untracked 
| 137|0x0000000613e00000, 0x0000000613e00000, 0x0000000614000000|  0%| F|  |TAMS 0x0000000613e00000, 0x0000000613e00000| Untracked 
| 138|0x0000000614000000, 0x0000000614000000, 0x0000000614200000|  0%| F|  |TAMS 0x0000000614000000, 0x0000000614000000| Untracked 
| 139|0x0000000614200000, 0x0000000614200000, 0x0000000614400000|  0%| F|  |TAMS 0x0000000614200000, 0x0000000614200000| Untracked 
| 140|0x0000000614400000, 0x0000000614400000, 0x0000000614600000|  0%| F|  |TAMS 0x0000000614400000, 0x0000000614400000| Untracked 
| 141|0x0000000614600000, 0x0000000614600000, 0x0000000614800000|  0%| F|  |TAMS 0x0000000614600000, 0x0000000614600000| Untracked 
| 142|0x0000000614800000, 0x0000000614800000, 0x0000000614a00000|  0%| F|  |TAMS 0x0000000614800000, 0x0000000614800000| Untracked 
| 143|0x0000000614a00000, 0x0000000614a00000, 0x0000000614c00000|  0%| F|  |TAMS 0x0000000614a00000, 0x0000000614a00000| Untracked 
| 144|0x0000000614c00000, 0x0000000614c00000, 0x0000000614e00000|  0%| F|  |TAMS 0x0000000614c00000, 0x0000000614c00000| Untracked 
| 145|0x0000000614e00000, 0x0000000614e00000, 0x0000000615000000|  0%| F|  |TAMS 0x0000000614e00000, 0x0000000614e00000| Untracked 
| 146|0x0000000615000000, 0x0000000615000000, 0x0000000615200000|  0%| F|  |TAMS 0x0000000615000000, 0x0000000615000000| Untracked 
| 147|0x0000000615200000, 0x0000000615200000, 0x0000000615400000|  0%| F|  |TAMS 0x0000000615200000, 0x0000000615200000| Untracked 
| 148|0x0000000615400000, 0x0000000615400000, 0x0000000615600000|  0%| F|  |TAMS 0x0000000615400000, 0x0000000615400000| Untracked 
| 149|0x0000000615600000, 0x0000000615600000, 0x0000000615800000|  0%| F|  |TAMS 0x0000000615600000, 0x0000000615600000| Untracked 
| 150|0x0000000615800000, 0x0000000615800000, 0x0000000615a00000|  0%| F|  |TAMS 0x0000000615800000, 0x0000000615800000| Untracked 
| 151|0x0000000615a00000, 0x0000000615a00000, 0x0000000615c00000|  0%| F|  |TAMS 0x0000000615a00000, 0x0000000615a00000| Untracked 
| 152|0x0000000615c00000, 0x0000000615c00000, 0x0000000615e00000|  0%| F|  |TAMS 0x0000000615c00000, 0x0000000615c00000| Untracked 
| 153|0x0000000615e00000, 0x0000000615e00000, 0x0000000616000000|  0%| F|  |TAMS 0x0000000615e00000, 0x0000000615e00000| Untracked 
| 154|0x0000000616000000, 0x0000000616000000, 0x0000000616200000|  0%| F|  |TAMS 0x0000000616000000, 0x0000000616000000| Untracked 
| 155|0x0000000616200000, 0x0000000616200000, 0x0000000616400000|  0%| F|  |TAMS 0x0000000616200000, 0x0000000616200000| Untracked 
| 156|0x0000000616400000, 0x0000000616400000, 0x0000000616600000|  0%| F|  |TAMS 0x0000000616400000, 0x0000000616400000| Untracked 
| 157|0x0000000616600000, 0x0000000616600000, 0x0000000616800000|  0%| F|  |TAMS 0x0000000616600000, 0x0000000616600000| Untracked 
| 158|0x0000000616800000, 0x0000000616800000, 0x0000000616a00000|  0%| F|  |TAMS 0x0000000616800000, 0x0000000616800000| Untracked 
| 159|0x0000000616a00000, 0x0000000616a00000, 0x0000000616c00000|  0%| F|  |TAMS 0x0000000616a00000, 0x0000000616a00000| Untracked 
| 160|0x0000000616c00000, 0x0000000616c00000, 0x0000000616e00000|  0%| F|  |TAMS 0x0000000616c00000, 0x0000000616c00000| Untracked 
| 161|0x0000000616e00000, 0x0000000616e00000, 0x0000000617000000|  0%| F|  |TAMS 0x0000000616e00000, 0x0000000616e00000| Untracked 
| 162|0x0000000617000000, 0x0000000617000000, 0x0000000617200000|  0%| F|  |TAMS 0x0000000617000000, 0x0000000617000000| Untracked 
| 163|0x0000000617200000, 0x0000000617200000, 0x0000000617400000|  0%| F|  |TAMS 0x0000000617200000, 0x0000000617200000| Untracked 
| 164|0x0000000617400000, 0x0000000617400000, 0x0000000617600000|  0%| F|  |TAMS 0x0000000617400000, 0x0000000617400000| Untracked 
| 165|0x0000000617600000, 0x0000000617600000, 0x0000000617800000|  0%| F|  |TAMS 0x0000000617600000, 0x0000000617600000| Untracked 
| 166|0x0000000617800000, 0x0000000617800000, 0x0000000617a00000|  0%| F|  |TAMS 0x0000000617800000, 0x0000000617800000| Untracked 
| 167|0x0000000617a00000, 0x0000000617a00000, 0x0000000617c00000|  0%| F|  |TAMS 0x0000000617a00000, 0x0000000617a00000| Untracked 
| 168|0x0000000617c00000, 0x0000000617c00000, 0x0000000617e00000|  0%| F|  |TAMS 0x0000000617c00000, 0x0000000617c00000| Untracked 
| 169|0x0000000617e00000, 0x0000000617e00000, 0x0000000618000000|  0%| F|  |TAMS 0x0000000617e00000, 0x0000000617e00000| Untracked 
| 170|0x0000000618000000, 0x0000000618000000, 0x0000000618200000|  0%| F|  |TAMS 0x0000000618000000, 0x0000000618000000| Untracked 
| 171|0x0000000618200000, 0x0000000618200000, 0x0000000618400000|  0%| F|  |TAMS 0x0000000618200000, 0x0000000618200000| Untracked 
| 172|0x0000000618400000, 0x0000000618400000, 0x0000000618600000|  0%| F|  |TAMS 0x0000000618400000, 0x0000000618400000| Untracked 
| 173|0x0000000618600000, 0x0000000618600000, 0x0000000618800000|  0%| F|  |TAMS 0x0000000618600000, 0x0000000618600000| Untracked 
| 174|0x0000000618800000, 0x0000000618800000, 0x0000000618a00000|  0%| F|  |TAMS 0x0000000618800000, 0x0000000618800000| Untracked 
| 175|0x0000000618a00000, 0x0000000618a00000, 0x0000000618c00000|  0%| F|  |TAMS 0x0000000618a00000, 0x0000000618a00000| Untracked 
| 176|0x0000000618c00000, 0x0000000618c00000, 0x0000000618e00000|  0%| F|  |TAMS 0x0000000618c00000, 0x0000000618c00000| Untracked 
| 177|0x0000000618e00000, 0x0000000618e00000, 0x0000000619000000|  0%| F|  |TAMS 0x0000000618e00000, 0x0000000618e00000| Untracked 
| 178|0x0000000619000000, 0x0000000619000000, 0x0000000619200000|  0%| F|  |TAMS 0x0000000619000000, 0x0000000619000000| Untracked 
| 179|0x0000000619200000, 0x0000000619200000, 0x0000000619400000|  0%| F|  |TAMS 0x0000000619200000, 0x0000000619200000| Untracked 
| 180|0x0000000619400000, 0x0000000619400000, 0x0000000619600000|  0%| F|  |TAMS 0x0000000619400000, 0x0000000619400000| Untracked 
| 181|0x0000000619600000, 0x0000000619600000, 0x0000000619800000|  0%| F|  |TAMS 0x0000000619600000, 0x0000000619600000| Untracked 
| 182|0x0000000619800000, 0x0000000619800000, 0x0000000619a00000|  0%| F|  |TAMS 0x0000000619800000, 0x0000000619800000| Untracked 
| 183|0x0000000619a00000, 0x0000000619a00000, 0x0000000619c00000|  0%| F|  |TAMS 0x0000000619a00000, 0x0000000619a00000| Untracked 
| 184|0x0000000619c00000, 0x0000000619c00000, 0x0000000619e00000|  0%| F|  |TAMS 0x0000000619c00000, 0x0000000619c00000| Untracked 
| 185|0x0000000619e00000, 0x0000000619e00000, 0x000000061a000000|  0%| F|  |TAMS 0x0000000619e00000, 0x0000000619e00000| Untracked 
| 186|0x000000061a000000, 0x000000061a000000, 0x000000061a200000|  0%| F|  |TAMS 0x000000061a000000, 0x000000061a000000| Untracked 
| 187|0x000000061a200000, 0x000000061a200000, 0x000000061a400000|  0%| F|  |TAMS 0x000000061a200000, 0x000000061a200000| Untracked 
| 188|0x000000061a400000, 0x000000061a400000, 0x000000061a600000|  0%| F|  |TAMS 0x000000061a400000, 0x000000061a400000| Untracked 
| 189|0x000000061a600000, 0x000000061a600000, 0x000000061a800000|  0%| F|  |TAMS 0x000000061a600000, 0x000000061a600000| Untracked 
| 190|0x000000061a800000, 0x000000061a800000, 0x000000061aa00000|  0%| F|  |TAMS 0x000000061a800000, 0x000000061a800000| Untracked 
| 191|0x000000061aa00000, 0x000000061aa00000, 0x000000061ac00000|  0%| F|  |TAMS 0x000000061aa00000, 0x000000061aa00000| Untracked 
| 192|0x000000061ac00000, 0x000000061ac00000, 0x000000061ae00000|  0%| F|  |TAMS 0x000000061ac00000, 0x000000061ac00000| Untracked 
| 193|0x000000061ae00000, 0x000000061ae00000, 0x000000061b000000|  0%| F|  |TAMS 0x000000061ae00000, 0x000000061ae00000| Untracked 
| 194|0x000000061b000000, 0x000000061b000000, 0x000000061b200000|  0%| F|  |TAMS 0x000000061b000000, 0x000000061b000000| Untracked 
| 195|0x000000061b200000, 0x000000061b200000, 0x000000061b400000|  0%| F|  |TAMS 0x000000061b200000, 0x000000061b200000| Untracked 
| 196|0x000000061b400000, 0x000000061b400000, 0x000000061b600000|  0%| F|  |TAMS 0x000000061b400000, 0x000000061b400000| Untracked 
| 197|0x000000061b600000, 0x000000061b600000, 0x000000061b800000|  0%| F|  |TAMS 0x000000061b600000, 0x000000061b600000| Untracked 
| 198|0x000000061b800000, 0x000000061b800000, 0x000000061ba00000|  0%| F|  |TAMS 0x000000061b800000, 0x000000061b800000| Untracked 
| 199|0x000000061ba00000, 0x000000061ba00000, 0x000000061bc00000|  0%| F|  |TAMS 0x000000061ba00000, 0x000000061ba00000| Untracked 
| 200|0x000000061bc00000, 0x000000061bc00000, 0x000000061be00000|  0%| F|  |TAMS 0x000000061bc00000, 0x000000061bc00000| Untracked 
| 201|0x000000061be00000, 0x000000061be00000, 0x000000061c000000|  0%| F|  |TAMS 0x000000061be00000, 0x000000061be00000| Untracked 
| 202|0x000000061c000000, 0x000000061c000000, 0x000000061c200000|  0%| F|  |TAMS 0x000000061c000000, 0x000000061c000000| Untracked 
| 203|0x000000061c200000, 0x000000061c200000, 0x000000061c400000|  0%| F|  |TAMS 0x000000061c200000, 0x000000061c200000| Untracked 
| 204|0x000000061c400000, 0x000000061c400000, 0x000000061c600000|  0%| F|  |TAMS 0x000000061c400000, 0x000000061c400000| Untracked 
| 205|0x000000061c600000, 0x000000061c600000, 0x000000061c800000|  0%| F|  |TAMS 0x000000061c600000, 0x000000061c600000| Untracked 
| 206|0x000000061c800000, 0x000000061c800000, 0x000000061ca00000|  0%| F|  |TAMS 0x000000061c800000, 0x000000061c800000| Untracked 
| 207|0x000000061ca00000, 0x000000061ca00000, 0x000000061cc00000|  0%| F|  |TAMS 0x000000061ca00000, 0x000000061ca00000| Untracked 
| 208|0x000000061cc00000, 0x000000061cc00000, 0x000000061ce00000|  0%| F|  |TAMS 0x000000061cc00000, 0x000000061cc00000| Untracked 
| 209|0x000000061ce00000, 0x000000061ce00000, 0x000000061d000000|  0%| F|  |TAMS 0x000000061ce00000, 0x000000061ce00000| Untracked 
| 210|0x000000061d000000, 0x000000061d000000, 0x000000061d200000|  0%| F|  |TAMS 0x000000061d000000, 0x000000061d000000| Untracked 
| 211|0x000000061d200000, 0x000000061d200000, 0x000000061d400000|  0%| F|  |TAMS 0x000000061d200000, 0x000000061d200000| Untracked 
| 212|0x000000061d400000, 0x000000061d400000, 0x000000061d600000|  0%| F|  |TAMS 0x000000061d400000, 0x000000061d400000| Untracked 
| 213|0x000000061d600000, 0x000000061d600000, 0x000000061d800000|  0%| F|  |TAMS 0x000000061d600000, 0x000000061d600000| Untracked 
| 214|0x000000061d800000, 0x000000061d800000, 0x000000061da00000|  0%| F|  |TAMS 0x000000061d800000, 0x000000061d800000| Untracked 
| 215|0x000000061da00000, 0x000000061da00000, 0x000000061dc00000|  0%| F|  |TAMS 0x000000061da00000, 0x000000061da00000| Untracked 
| 216|0x000000061dc00000, 0x000000061dc00000, 0x000000061de00000|  0%| F|  |TAMS 0x000000061dc00000, 0x000000061dc00000| Untracked 
| 217|0x000000061de00000, 0x000000061de00000, 0x000000061e000000|  0%| F|  |TAMS 0x000000061de00000, 0x000000061de00000| Untracked 
| 218|0x000000061e000000, 0x000000061e000000, 0x000000061e200000|  0%| F|  |TAMS 0x000000061e000000, 0x000000061e000000| Untracked 
| 219|0x000000061e200000, 0x000000061e200000, 0x000000061e400000|  0%| F|  |TAMS 0x000000061e200000, 0x000000061e200000| Untracked 
| 220|0x000000061e400000, 0x000000061e400000, 0x000000061e600000|  0%| F|  |TAMS 0x000000061e400000, 0x000000061e400000| Untracked 
| 221|0x000000061e600000, 0x000000061e600000, 0x000000061e800000|  0%| F|  |TAMS 0x000000061e600000, 0x000000061e600000| Untracked 
| 222|0x000000061e800000, 0x000000061e800000, 0x000000061ea00000|  0%| F|  |TAMS 0x000000061e800000, 0x000000061e800000| Untracked 
| 223|0x000000061ea00000, 0x000000061ea00000, 0x000000061ec00000|  0%| F|  |TAMS 0x000000061ea00000, 0x000000061ea00000| Untracked 
| 224|0x000000061ec00000, 0x000000061ec00000, 0x000000061ee00000|  0%| F|  |TAMS 0x000000061ec00000, 0x000000061ec00000| Untracked 
| 225|0x000000061ee00000, 0x000000061ee00000, 0x000000061f000000|  0%| F|  |TAMS 0x000000061ee00000, 0x000000061ee00000| Untracked 
| 226|0x000000061f000000, 0x000000061f000000, 0x000000061f200000|  0%| F|  |TAMS 0x000000061f000000, 0x000000061f000000| Untracked 
| 227|0x000000061f200000, 0x000000061f200000, 0x000000061f400000|  0%| F|  |TAMS 0x000000061f200000, 0x000000061f200000| Untracked 
| 228|0x000000061f400000, 0x000000061f400000, 0x000000061f600000|  0%| F|  |TAMS 0x000000061f400000, 0x000000061f400000| Untracked 
| 229|0x000000061f600000, 0x000000061f600000, 0x000000061f800000|  0%| F|  |TAMS 0x000000061f600000, 0x000000061f600000| Untracked 
| 230|0x000000061f800000, 0x000000061f800000, 0x000000061fa00000|  0%| F|  |TAMS 0x000000061f800000, 0x000000061f800000| Untracked 
| 231|0x000000061fa00000, 0x000000061fa00000, 0x000000061fc00000|  0%| F|  |TAMS 0x000000061fa00000, 0x000000061fa00000| Untracked 
| 232|0x000000061fc00000, 0x000000061fc00000, 0x000000061fe00000|  0%| F|  |TAMS 0x000000061fc00000, 0x000000061fc00000| Untracked 
| 233|0x000000061fe00000, 0x000000061fe00000, 0x0000000620000000|  0%| F|  |TAMS 0x000000061fe00000, 0x000000061fe00000| Untracked 
| 234|0x0000000620000000, 0x0000000620000000, 0x0000000620200000|  0%| F|  |TAMS 0x0000000620000000, 0x0000000620000000| Untracked 
| 235|0x0000000620200000, 0x0000000620200000, 0x0000000620400000|  0%| F|  |TAMS 0x0000000620200000, 0x0000000620200000| Untracked 
| 236|0x0000000620400000, 0x0000000620400000, 0x0000000620600000|  0%| F|  |TAMS 0x0000000620400000, 0x0000000620400000| Untracked 
| 237|0x0000000620600000, 0x0000000620600000, 0x0000000620800000|  0%| F|  |TAMS 0x0000000620600000, 0x0000000620600000| Untracked 
| 238|0x0000000620800000, 0x0000000620800000, 0x0000000620a00000|  0%| F|  |TAMS 0x0000000620800000, 0x0000000620800000| Untracked 
| 239|0x0000000620a00000, 0x0000000620a00000, 0x0000000620c00000|  0%| F|  |TAMS 0x0000000620a00000, 0x0000000620a00000| Untracked 
| 240|0x0000000620c00000, 0x0000000620c00000, 0x0000000620e00000|  0%| F|  |TAMS 0x0000000620c00000, 0x0000000620c00000| Untracked 
| 241|0x0000000620e00000, 0x0000000620e00000, 0x0000000621000000|  0%| F|  |TAMS 0x0000000620e00000, 0x0000000620e00000| Untracked 
| 242|0x0000000621000000, 0x0000000621000000, 0x0000000621200000|  0%| F|  |TAMS 0x0000000621000000, 0x0000000621000000| Untracked 
| 243|0x0000000621200000, 0x0000000621200000, 0x0000000621400000|  0%| F|  |TAMS 0x0000000621200000, 0x0000000621200000| Untracked 
| 244|0x0000000621400000, 0x0000000621400000, 0x0000000621600000|  0%| F|  |TAMS 0x0000000621400000, 0x0000000621400000| Untracked 
| 245|0x0000000621600000, 0x0000000621700278, 0x0000000621800000| 50%| E|  |TAMS 0x0000000621600000, 0x0000000621600000| Complete 
| 246|0x0000000621800000, 0x0000000621a00000, 0x0000000621a00000|100%| E|CS|TAMS 0x0000000621800000, 0x0000000621800000| Complete 
| 247|0x0000000621a00000, 0x0000000621c00000, 0x0000000621c00000|100%| E|CS|TAMS 0x0000000621a00000, 0x0000000621a00000| Complete 
| 248|0x0000000621c00000, 0x0000000621e00000, 0x0000000621e00000|100%| E|CS|TAMS 0x0000000621c00000, 0x0000000621c00000| Complete 
| 249|0x0000000621e00000, 0x0000000622000000, 0x0000000622000000|100%| E|CS|TAMS 0x0000000621e00000, 0x0000000621e00000| Complete 
| 250|0x0000000622000000, 0x0000000622200000, 0x0000000622200000|100%| E|CS|TAMS 0x0000000622000000, 0x0000000622000000| Complete 
| 251|0x0000000622200000, 0x0000000622400000, 0x0000000622400000|100%| E|  |TAMS 0x0000000622200000, 0x0000000622200000| Complete 
| 252|0x0000000622400000, 0x0000000622600000, 0x0000000622600000|100%| E|CS|TAMS 0x0000000622400000, 0x0000000622400000| Complete 
| 253|0x0000000622600000, 0x0000000622800000, 0x0000000622800000|100%| E|CS|TAMS 0x0000000622600000, 0x0000000622600000| Complete 
| 254|0x0000000622800000, 0x0000000622a00000, 0x0000000622a00000|100%| E|CS|TAMS 0x0000000622800000, 0x0000000622800000| Complete 

Card table byte_map: [0x0000024b44e10000,0x0000024b45e00000] _byte_map_base: 0x0000024b41dfa000

Marking Bits (Prev, Next): (CMBitMap*) 0x0000024b2b7faf88, (CMBitMap*) 0x0000024b2b7fafc0
 Prev Bits: [0x0000024b46df0000, 0x0000024b4ed40000)
 Next Bits: [0x0000024b4ed40000, 0x0000024b56c90000)

Polling page: 0x0000024b29f20000

Metaspace:

Usage:
  Non-class:     11.31 MB capacity,    11.25 MB (>99%) used,    44.62 KB ( <1%) free+waste,    14.44 KB ( <1%) overhead. 
      Class:    919.00 KB capacity,   878.07 KB ( 96%) used,    35.18 KB (  4%) free+waste,     5.75 KB ( <1%) overhead. 
       Both:     12.21 MB capacity,    12.11 MB (>99%) used,    79.80 KB ( <1%) free+waste,    20.19 KB ( <1%) overhead. 

Virtual space:
  Non-class space:       12.00 MB reserved,      11.50 MB ( 96%) committed 
      Class space:        1.00 GB reserved,       1.00 MB ( <1%) committed 
             Both:        1.01 GB reserved,      12.50 MB (  1%) committed 

Chunk freelists:
   Non-Class:  129.00 KB
       Class:  9.00 KB
        Both:  138.00 KB

MaxMetaspaceSize: 17179869184.00 GB
CompressedClassSpaceSize: 1.00 GB

CodeHeap 'non-profiled nmethods': size=119168Kb used=237Kb max_used=237Kb free=118930Kb
 bounds [0x0000024b3ba00000, 0x0000024b3bc70000, 0x0000024b42e60000]
CodeHeap 'profiled nmethods': size=119168Kb used=1644Kb max_used=1644Kb free=117523Kb
 bounds [0x0000024b345a0000, 0x0000024b34810000, 0x0000024b3ba00000]
CodeHeap 'non-nmethods': size=7424Kb used=2589Kb max_used=2601Kb free=4834Kb
 bounds [0x0000024b33e60000, 0x0000024b340f0000, 0x0000024b345a0000]
 total_blobs=1877 nmethods=910 adapters=877
 compilation: enabled
              stopped_count=0, restarted_count=0
 full_count=0

Compilation events (20 events):
Event: 0.711 Thread 0x0000024b5a8ef800 nmethod 898 0x0000024b34736710 code [0x0000024b34736920, 0x0000024b34736eb8]
Event: 0.711 Thread 0x0000024b5a8ef800  901       3       org.lwjgl.PointerBuffer::put (24 bytes)
Event: 0.712 Thread 0x0000024b5a7a0000 nmethod 878 0x0000024b3ba3a290 code [0x0000024b3ba3a440, 0x0000024b3ba3a858]
Event: 0.712 Thread 0x0000024b5a8ef800 nmethod 901 0x0000024b34737090 code [0x0000024b347372a0, 0x0000024b34737808]
Event: 0.712 Thread 0x0000024b5a8ef800  902       3       org.lwjgl.system.Checks::check (17 bytes)
Event: 0.712 Thread 0x0000024b5a7a1000 nmethod 899 0x0000024b34737a90 code [0x0000024b34737cc0, 0x0000024b347384b8]
Event: 0.712 Thread 0x0000024b5f15b800 nmethod 900 0x0000024b34738790 code [0x0000024b347389a0, 0x0000024b34739078]
Event: 0.712 Thread 0x0000024b5f15b800  904       3       jdk.internal.reflect.UnsafeQualifiedLongFieldAccessorImpl::<init> (7 bytes)
Event: 0.712 Thread 0x0000024b5a7a1000  905       3       jdk.internal.reflect.UnsafeQualifiedFieldAccessorImpl::<init> (11 bytes)
Event: 0.712 Thread 0x0000024b5f15b800 nmethod 904 0x0000024b34739290 code [0x0000024b34739460, 0x0000024b34739608]
Event: 0.712 Thread 0x0000024b5a8ef800 nmethod 902 0x0000024b34739710 code [0x0000024b34739900, 0x0000024b34739c48]
Event: 0.712 Thread 0x0000024b5a7a1000 nmethod 905 0x0000024b34739e10 code [0x0000024b34739fc0, 0x0000024b3473a108]
Event: 0.713 Thread 0x0000024b5f15b800  906       3       java.lang.StringBuilder::<init> (6 bytes)
Event: 0.713 Thread 0x0000024b5f15b800 nmethod 906 0x0000024b3473a190 code [0x0000024b3473a340, 0x0000024b3473a468]
Event: 0.714 Thread 0x0000024b5a7a1000  907       3       java.util.regex.Pattern$Slice::match (79 bytes)
Event: 0.714 Thread 0x0000024b5a7a1000 nmethod 907 0x0000024b3473a510 code [0x0000024b3473a700, 0x0000024b3473ab78]
Event: 0.714 Thread 0x0000024b5a7a0000  908       4       java.lang.StringLatin1::inflate (34 bytes)
Event: 0.717 Thread 0x0000024b5a7a0000 nmethod 908 0x0000024b3ba3aa10 code [0x0000024b3ba3aba0, 0x0000024b3ba3ae78]
Event: 0.742 Thread 0x0000024b5a8ef800  910       3       sun.nio.cs.SingleByte$Encoder::encode (32 bytes)
Event: 0.742 Thread 0x0000024b5a8ef800 nmethod 910 0x0000024b3473ad10 code [0x0000024b3473aec0, 0x0000024b3473b078]

GC Heap History (0 events):
No events

Deoptimization events (18 events):
Event: 0.059 Thread 0x0000024b2b76d000 Uncommon trap: trap_request=0xffffff4d fr.pc=0x0000024b3ba04da0 relative=0x0000000000000200
Event: 0.059 Thread 0x0000024b2b76d000 Uncommon trap: reason=unstable_if action=reinterpret pc=0x0000024b3ba04da0 method=java.lang.String.hashCode()I @ 14 c2
Event: 0.059 Thread 0x0000024b2b76d000 DEOPT PACKING pc=0x0000024b3ba04da0 sp=0x00000058f36fda70
Event: 0.059 Thread 0x0000024b2b76d000 DEOPT UNPACKING pc=0x0000024b33e8772f sp=0x00000058f36fda08 mode 2
Event: 0.121 Thread 0x0000024b2b76d000 DEOPT PACKING pc=0x0000024b345e0b68 sp=0x00000058f36fcb30
Event: 0.121 Thread 0x0000024b2b76d000 DEOPT UNPACKING pc=0x0000024b33e8754e sp=0x00000058f36fbf88 mode 0
Event: 0.125 Thread 0x0000024b2b76d000 DEOPT PACKING pc=0x0000024b345e1fc2 sp=0x00000058f36fd730
Event: 0.125 Thread 0x0000024b2b76d000 DEOPT UNPACKING pc=0x0000024b33e8754e sp=0x00000058f36fcb98 mode 0
Event: 0.127 Thread 0x0000024b2b76d000 DEOPT PACKING pc=0x0000024b345cc7d0 sp=0x00000058f36fb030
Event: 0.127 Thread 0x0000024b2b76d000 DEOPT UNPACKING pc=0x0000024b33e8754e sp=0x00000058f36fa4b8 mode 0
Event: 0.166 Thread 0x0000024b2b76d000 Uncommon trap: trap_request=0xffffff4d fr.pc=0x0000024b3ba018b4 relative=0x0000000000000074
Event: 0.166 Thread 0x0000024b2b76d000 Uncommon trap: reason=unstable_if action=reinterpret pc=0x0000024b3ba018b4 method=java.lang.String.isLatin1()Z @ 10 c2
Event: 0.166 Thread 0x0000024b2b76d000 DEOPT PACKING pc=0x0000024b3ba018b4 sp=0x00000058f36fc250
Event: 0.166 Thread 0x0000024b2b76d000 DEOPT UNPACKING pc=0x0000024b33e8772f sp=0x00000058f36fc190 mode 2
Event: 0.709 Thread 0x0000024b2b76d000 Uncommon trap: trap_request=0xffffff5c fr.pc=0x0000024b3ba2f800 relative=0x0000000000000060
Event: 0.709 Thread 0x0000024b2b76d000 Uncommon trap: reason=speculate_null_assert action=make_not_entrant pc=0x0000024b3ba2f800 method=sun.misc.Unsafe.putLong(Ljava/lang/Object;JJ)V @ 7 c2
Event: 0.709 Thread 0x0000024b2b76d000 DEOPT PACKING pc=0x0000024b3ba2f800 sp=0x00000058f36ff2d0
Event: 0.709 Thread 0x0000024b2b76d000 DEOPT UNPACKING pc=0x0000024b33e8772f sp=0x00000058f36ff248 mode 2

Classes redefined (0 events):
No events

Internal exceptions (20 events):
Event: 0.173 Thread 0x0000024b2b76d000 Exception <a 'java/security/PrivilegedActionException'{0x00000006225b2920}> (0x00000006225b2920) thrown at [./src/hotspot/share/prims/jvm.cpp, line 1305]
Event: 0.173 Thread 0x0000024b2b76d000 Exception <a 'java/security/PrivilegedActionException'{0x00000006225b2bf0}> (0x00000006225b2bf0) thrown at [./src/hotspot/share/prims/jvm.cpp, line 1305]
Event: 0.173 Thread 0x0000024b2b76d000 Exception <a 'java/security/PrivilegedActionException'{0x00000006225b4dc0}> (0x00000006225b4dc0) thrown at [./src/hotspot/share/prims/jvm.cpp, line 1305]
Event: 0.173 Thread 0x0000024b2b76d000 Exception <a 'java/security/PrivilegedActionException'{0x00000006225b5090}> (0x00000006225b5090) thrown at [./src/hotspot/share/prims/jvm.cpp, line 1305]
Event: 0.173 Thread 0x0000024b2b76d000 Exception <a 'java/security/PrivilegedActionException'{0x00000006225b72e8}> (0x00000006225b72e8) thrown at [./src/hotspot/share/prims/jvm.cpp, line 1305]
Event: 0.173 Thread 0x0000024b2b76d000 Exception <a 'java/security/PrivilegedActionException'{0x00000006225b75b8}> (0x00000006225b75b8) thrown at [./src/hotspot/share/prims/jvm.cpp, line 1305]
Event: 0.173 Thread 0x0000024b2b76d000 Exception <a 'java/security/PrivilegedActionException'{0x00000006225b9810}> (0x00000006225b9810) thrown at [./src/hotspot/share/prims/jvm.cpp, line 1305]
Event: 0.173 Thread 0x0000024b2b76d000 Exception <a 'java/security/PrivilegedActionException'{0x00000006225b9ae0}> (0x00000006225b9ae0) thrown at [./src/hotspot/share/prims/jvm.cpp, line 1305]
Event: 0.173 Thread 0x0000024b2b76d000 Exception <a 'java/security/PrivilegedActionException'{0x00000006225bbcb0}> (0x00000006225bbcb0) thrown at [./src/hotspot/share/prims/jvm.cpp, line 1305]
Event: 0.173 Thread 0x0000024b2b76d000 Exception <a 'java/security/PrivilegedActionException'{0x00000006225bbf80}> (0x00000006225bbf80) thrown at [./src/hotspot/share/prims/jvm.cpp, line 1305]
Event: 0.184 Thread 0x0000024b2b76d000 Exception <a 'sun/nio/fs/WindowsException'{0x00000006222a2f20}> (0x00000006222a2f20) thrown at [./src/hotspot/share/prims/jni.cpp, line 615]
Event: 0.184 Thread 0x0000024b2b76d000 Exception <a 'sun/nio/fs/WindowsException'{0x00000006222a32b0}> (0x00000006222a32b0) thrown at [./src/hotspot/share/prims/jni.cpp, line 615]
Event: 0.572 Thread 0x0000024b2b76d000 Exception <a 'java/lang/NoSuchMethodError'{0x000000062230e430}: 'void java.lang.invoke.DirectMethodHandle$Holder.invokeStaticInit(java.lang.Object, java.lang.Object, double, double)'> (0x000000062230e430) thrown at [./src/hotspot/share/interpreter/linkResolver.cpp, line 773]
Event: 0.574 Thread 0x0000024b2b76d000 Exception <a 'java/lang/NoSuchMethodError'{0x0000000622321188}: 'void java.lang.invoke.DirectMethodHandle$Holder.invokeStaticInit(java.lang.Object, long, int, int, int)'> (0x0000000622321188) thrown at [./src/hotspot/share/interpreter/linkResolver.cpp, line 773]
Event: 0.575 Thread 0x0000024b2b76d000 Exception <a 'java/lang/NoSuchMethodError'{0x0000000622333aa0}: 'void java.lang.invoke.DirectMethodHandle$Holder.invokeStaticInit(java.lang.Object, long, double, double)'> (0x0000000622333aa0) thrown at [./src/hotspot/share/interpreter/linkResolver.cpp, line 773]
Event: 0.576 Thread 0x0000024b2b76d000 Exception <a 'java/lang/NoSuchMethodError'{0x00000006223475d0}: 'void java.lang.invoke.DirectMethodHandle$Holder.invokeStaticInit(java.lang.Object, long, int, int, int, int)'> (0x00000006223475d0) thrown at [./src/hotspot/share/interpreter/linkResolver.cpp, line 773]
Event: 0.593 Thread 0x0000024b2b76d000 Exception <a 'sun/nio/fs/WindowsException'{0x0000000622397d10}> (0x0000000622397d10) thrown at [./src/hotspot/share/prims/jni.cpp, line 615]
Event: 0.593 Thread 0x0000024b2b76d000 Exception <a 'sun/nio/fs/WindowsException'{0x00000006223980e0}> (0x00000006223980e0) thrown at [./src/hotspot/share/prims/jni.cpp, line 615]
Event: 0.594 Thread 0x0000024b2b76d000 Exception <a 'sun/nio/fs/WindowsException'{0x00000006223af1f0}> (0x00000006223af1f0) thrown at [./src/hotspot/share/prims/jni.cpp, line 615]
Event: 0.595 Thread 0x0000024b2b76d000 Exception <a 'sun/nio/fs/WindowsException'{0x00000006223af4f0}> (0x00000006223af4f0) thrown at [./src/hotspot/share/prims/jni.cpp, line 615]

Events (20 events):
Event: 0.714 loading class org/lwjgl/opengl/GL14C
Event: 0.714 loading class org/lwjgl/opengl/GL14C done
Event: 0.715 loading class org/lwjgl/opengl/GL13C
Event: 0.715 loading class org/lwjgl/opengl/GL13C done
Event: 0.715 loading class org/lwjgl/opengl/GL12C
Event: 0.715 loading class org/lwjgl/opengl/GL12C done
Event: 0.715 loading class org/lwjgl/opengl/GL11C
Event: 0.715 loading class org/lwjgl/opengl/GL11C done
Event: 0.716 loading class org/lwjgl/system/APIUtil$Encoder
Event: 0.716 loading class org/lwjgl/system/APIUtil$Encoder done
Event: 0.716 loading class org/lwjgl/system/APIUtil$Encoder
Event: 0.716 loading class org/lwjgl/system/APIUtil$Encoder done
Event: 0.729 loading class org/lwjgl/system/MultiReleaseTextDecoding
Event: 0.729 loading class org/lwjgl/system/MultiReleaseTextDecoding done
Event: 0.742 loading class org/lwjgl/opengl/GL30C
Event: 0.742 loading class org/lwjgl/opengl/GL30C done
Event: 0.743 loading class org/lwjgl/opengl/GL21C
Event: 0.743 loading class org/lwjgl/opengl/GL21C done
Event: 0.744 loading class pl/adrianherdzina/util/Time
Event: 0.744 loading class pl/adrianherdzina/util/Time done


Dynamic libraries:
0x00007ff744510000 - 0x00007ff74451d000 	C:\Program Files\AdoptOpenJDK\jdk-11.0.9.101-hotspot\bin\java.exe
0x00007fff75130000 - 0x00007fff75325000 	C:\WINDOWS\SYSTEM32\ntdll.dll
0x00007fff73a50000 - 0x00007fff73b0d000 	C:\WINDOWS\System32\KERNEL32.DLL
0x00007fff72870000 - 0x00007fff72b38000 	C:\WINDOWS\System32\KERNELBASE.dll
0x00007fff72d40000 - 0x00007fff72e40000 	C:\WINDOWS\System32\ucrtbase.dll
0x00007fff3cfc0000 - 0x00007fff3cfd7000 	C:\Program Files\AdoptOpenJDK\jdk-11.0.9.101-hotspot\bin\jli.dll
0x00007fff6ab80000 - 0x00007fff6ab95000 	C:\Program Files\AdoptOpenJDK\jdk-11.0.9.101-hotspot\bin\VCRUNTIME140.dll
0x00007fff74600000 - 0x00007fff747a0000 	C:\WINDOWS\System32\USER32.dll
0x00007fff72c50000 - 0x00007fff72c72000 	C:\WINDOWS\System32\win32u.dll
0x00007fff59820000 - 0x00007fff59aba000 	C:\WINDOWS\WinSxS\amd64_microsoft.windows.common-controls_6595b64144ccf1df_6.0.19041.1052_none_60b8f8fd71f5e8cb\COMCTL32.dll
0x00007fff74370000 - 0x00007fff7439a000 	C:\WINDOWS\System32\GDI32.dll
0x00007fff74550000 - 0x00007fff745ee000 	C:\WINDOWS\System32\msvcrt.dll
0x00007fff72b40000 - 0x00007fff72c4b000 	C:\WINDOWS\System32\gdi32full.dll
0x00007fff73100000 - 0x00007fff7319d000 	C:\WINDOWS\System32\msvcp_win.dll
0x00007fff743a0000 - 0x00007fff743d0000 	C:\WINDOWS\System32\IMM32.DLL
0x00007fff19bf0000 - 0x00007fff19c8b000 	C:\Program Files\AdoptOpenJDK\jdk-11.0.9.101-hotspot\bin\msvcp140.dll
0x00007ffee9290000 - 0x00007ffee9dd3000 	C:\Program Files\AdoptOpenJDK\jdk-11.0.9.101-hotspot\bin\server\jvm.dll
0x00007fff738d0000 - 0x00007fff7397c000 	C:\WINDOWS\System32\ADVAPI32.dll
0x00007fff74440000 - 0x00007fff744db000 	C:\WINDOWS\System32\sechost.dll
0x00007fff736f0000 - 0x00007fff7381b000 	C:\WINDOWS\System32\RPCRT4.dll
0x00007fff747a0000 - 0x00007fff747a8000 	C:\WINDOWS\System32\PSAPI.DLL
0x00007fff612f0000 - 0x00007fff612f9000 	C:\WINDOWS\SYSTEM32\WSOCK32.dll
0x00007fff62a20000 - 0x00007fff62a47000 	C:\WINDOWS\SYSTEM32\WINMM.dll
0x00007fff6d3d0000 - 0x00007fff6d3da000 	C:\WINDOWS\SYSTEM32\VERSION.dll
0x00007fff744e0000 - 0x00007fff7454b000 	C:\WINDOWS\System32\WS2_32.dll
0x00007fff707a0000 - 0x00007fff707b2000 	C:\WINDOWS\SYSTEM32\kernel.appcore.dll
0x00007fff6aa90000 - 0x00007fff6aaa0000 	C:\Program Files\AdoptOpenJDK\jdk-11.0.9.101-hotspot\bin\verify.dll
0x00007fff5d300000 - 0x00007fff5d4e4000 	C:\WINDOWS\SYSTEM32\DBGHELP.DLL
0x00007fff61470000 - 0x00007fff6149c000 	C:\WINDOWS\SYSTEM32\dbgcore.DLL
0x00007fff72cb0000 - 0x00007fff72d33000 	C:\WINDOWS\System32\bcryptPrimitives.dll
0x00007fff387d0000 - 0x00007fff387f8000 	C:\Program Files\AdoptOpenJDK\jdk-11.0.9.101-hotspot\bin\java.dll
0x00007fff6a010000 - 0x00007fff6a01a000 	C:\Program Files\AdoptOpenJDK\jdk-11.0.9.101-hotspot\bin\jimage.dll
0x00007fff36520000 - 0x00007fff36537000 	C:\Program Files\AdoptOpenJDK\jdk-11.0.9.101-hotspot\bin\zip.dll
0x00007fff73c30000 - 0x00007fff7436f000 	C:\WINDOWS\System32\SHELL32.dll
0x00007fff709a0000 - 0x00007fff71130000 	C:\WINDOWS\SYSTEM32\windows.storage.dll
0x00007fff732e0000 - 0x00007fff73635000 	C:\WINDOWS\System32\combase.dll
0x00007fff72210000 - 0x00007fff7223c000 	C:\WINDOWS\SYSTEM32\Wldp.dll
0x00007fff747b0000 - 0x00007fff7485e000 	C:\WINDOWS\System32\SHCORE.dll
0x00007fff743e0000 - 0x00007fff74435000 	C:\WINDOWS\System32\shlwapi.dll
0x00007fff727b0000 - 0x00007fff727cf000 	C:\WINDOWS\SYSTEM32\profapi.dll
0x00007fff21320000 - 0x00007fff21339000 	C:\Program Files\AdoptOpenJDK\jdk-11.0.9.101-hotspot\bin\net.dll
0x00007fff691d0000 - 0x00007fff692db000 	C:\WINDOWS\SYSTEM32\WINHTTP.dll
0x00007fff71ff0000 - 0x00007fff7205a000 	C:\WINDOWS\system32\mswsock.dll
0x00007fff21200000 - 0x00007fff21212000 	C:\Program Files\AdoptOpenJDK\jdk-11.0.9.101-hotspot\bin\nio.dll
0x00007fff19da0000 - 0x00007fff19e04000 	C:\Users\Adrian 2\AppData\Local\Temp\lwjglAdrian 2\3.2.3-build-13\lwjgl.dll
0x00007fff180f0000 - 0x00007fff18152000 	C:\Users\ADRIAN~1\AppData\Local\Temp\lwjglAdrian 2\3.2.3-build-13\glfw.dll
0x00007fff70200000 - 0x00007fff7029e000 	C:\WINDOWS\system32\uxtheme.dll
0x00007fff550e0000 - 0x00007fff55125000 	C:\WINDOWS\SYSTEM32\dinput8.dll
0x00007fff61eb0000 - 0x00007fff61ec1000 	C:\WINDOWS\SYSTEM32\xinput1_4.dll
0x00007fff730b0000 - 0x00007fff730fe000 	C:\WINDOWS\System32\cfgmgr32.dll
0x00007fff72620000 - 0x00007fff7264c000 	C:\WINDOWS\SYSTEM32\DEVOBJ.dll
0x00007fff705c0000 - 0x00007fff705ef000 	C:\WINDOWS\SYSTEM32\dwmapi.dll
0x00007fff5cfd0000 - 0x00007fff5d122000 	C:\WINDOWS\SYSTEM32\inputhost.dll
0x00007fff73980000 - 0x00007fff73a4d000 	C:\WINDOWS\System32\OLEAUT32.dll
0x00007fff6fdf0000 - 0x00007fff6fee2000 	C:\WINDOWS\SYSTEM32\CoreMessaging.dll
0x00007fff6e020000 - 0x00007fff6e116000 	C:\WINDOWS\SYSTEM32\PROPSYS.dll
0x00007fff6f250000 - 0x00007fff6f3a4000 	C:\WINDOWS\SYSTEM32\wintypes.dll
0x00007fff6fa90000 - 0x00007fff6fdee000 	C:\WINDOWS\SYSTEM32\CoreUIComponents.dll
0x00007fff71570000 - 0x00007fff715a3000 	C:\WINDOWS\SYSTEM32\ntmarta.dll
0x00007fff73b10000 - 0x00007fff73c25000 	C:\WINDOWS\System32\MSCTF.dll
0x00007fff71130000 - 0x00007fff7113d000 	C:\WINDOWS\SYSTEM32\HID.DLL
0x00007fff74c00000 - 0x00007fff75069000 	C:\WINDOWS\System32\SETUPAPI.DLL
0x00007fff72c80000 - 0x00007fff72ca7000 	C:\WINDOWS\System32\bcrypt.dll
0x00007fff72fa0000 - 0x00007fff73000000 	C:\WINDOWS\System32\WINTRUST.dll
0x00007fff72e40000 - 0x00007fff72f9f000 	C:\WINDOWS\System32\CRYPT32.dll
0x00007fff72590000 - 0x00007fff725a2000 	C:\WINDOWS\SYSTEM32\MSASN1.dll
0x00007fff62180000 - 0x00007fff622a6000 	C:\WINDOWS\SYSTEM32\opengl32.dll
0x00007fff62660000 - 0x00007fff6268c000 	C:\WINDOWS\SYSTEM32\GLU32.dll
0x00007fff73820000 - 0x00007fff738c9000 	C:\WINDOWS\System32\clbcatq.dll
0x00007ffee62d0000 - 0x00007ffee8cae000 	C:\WINDOWS\System32\DriverStore\FileRepository\nv_dispi.inf_amd64_1108979a670abe46\nvoglv64.dll
0x00007fff74a70000 - 0x00007fff74b9a000 	C:\WINDOWS\System32\ole32.dll
0x00007fff6e2c0000 - 0x00007fff6e2d4000 	C:\WINDOWS\SYSTEM32\WTSAPI32.dll
0x00007fff6d330000 - 0x00007fff6d361000 	C:\WINDOWS\SYSTEM32\cryptnet.dll
0x00007fff72170000 - 0x00007fff7217c000 	C:\WINDOWS\SYSTEM32\cryptbase.dll
0x00007fff69650000 - 0x00007fff6968b000 	C:\WINDOWS\SYSTEM32\dxcore.dll
0x00007fff1f0e0000 - 0x00007fff1f39e000 	C:\WINDOWS\system32\nvspcap64.dll
0x00007fff71e20000 - 0x00007fff71e6b000 	C:\WINDOWS\SYSTEM32\powrprof.dll
0x00007fff71c90000 - 0x00007fff71ca2000 	C:\WINDOWS\SYSTEM32\UMPDC.dll
0x00007fff715e0000 - 0x00007fff7163a000 	C:\WINDOWS\SYSTEM32\WINSTA.dll
0x00007fff686f0000 - 0x00007fff687e9000 	C:\WINDOWS\SYSTEM32\textinputframework.dll
0x00007fff211a0000 - 0x00007fff211f9000 	C:\Users\Adrian 2\AppData\Local\Temp\lwjglAdrian 2\3.2.3-build-13\lwjgl_opengl.dll

dbghelp: loaded successfully - version: 4.0.5 - missing functions: none
symbol engine: initialized successfully - sym options: 0x614 - pdb path: .;C:\Program Files\AdoptOpenJDK\jdk-11.0.9.101-hotspot\bin;C:\WINDOWS\SYSTEM32;C:\WINDOWS\WinSxS\amd64_microsoft.windows.common-controls_6595b64144ccf1df_6.0.19041.1052_none_60b8f8fd71f5e8cb;C:\Program Files\AdoptOpenJDK\jdk-11.0.9.101-hotspot\bin\server;C:\Users\Adrian 2\AppData\Local\Temp\lwjglAdrian 2\3.2.3-build-13;C:\Users\ADRIAN~1\AppData\Local\Temp\lwjglAdrian 2\3.2.3-build-13;C:\WINDOWS\System32\DriverStore\FileRepository\nv_dispi.inf_amd64_1108979a670abe46

VM Arguments:
jvm_args: -Dfile.encoding=windows-1250 -Duser.country=GB -Duser.language=en -Duser.variant 
java_command: pl.adrianherdzina.Main
java_class_path (initial): C:\Users\Adrian 2\IdeaProjects\spring\mario\build\classes\java\main;C:\Users\Adrian 2\IdeaProjects\spring\mario\build\resources\main;C:\Users\Adrian 2\.gradle\caches\modules-2\files-2.1\org.lwjgl\lwjgl-assimp\3.2.3\f62aa07a20afbdd3097efc296c4841e0d29700eb\lwjgl-assimp-3.2.3.jar;C:\Users\Adrian 2\.gradle\caches\modules-2\files-2.1\org.lwjgl\lwjgl-assimp\3.2.3\4e60aeb75f0343c4a9ede4ef8b6b32ca702a00a3\lwjgl-assimp-3.2.3-natives-windows.jar;C:\Users\Adrian 2\.gradle\caches\modules-2\files-2.1\org.lwjgl\lwjgl-glfw\3.2.3\5e520d5c290c8b012545a8d34fa5db5ab051ea53\lwjgl-glfw-3.2.3.jar;C:\Users\Adrian 2\.gradle\caches\modules-2\files-2.1\org.lwjgl\lwjgl-glfw\3.2.3\b4d8a3477cdc2edcf7a5f1e822926be846223f54\lwjgl-glfw-3.2.3-natives-windows.jar;C:\Users\Adrian 2\.gradle\caches\modules-2\files-2.1\org.lwjgl\lwjgl-nfd\3.2.3\c44fee1043c022cf6614a28872d44cf114ca7737\lwjgl-nfd-3.2.3.jar;C:\Users\Adrian 2\.gradle\caches\modules-2\files-2.1\org.lwjgl\lwjgl-nfd\3.2.3\32782f5f5c57769efb82af864e70b819c77bc891\lwjgl-nfd-3.2.3-natives-windows.jar;C:\Users\Adrian 2\.gradle\caches\modules-2\files-2.1\org.lwjgl\lwjgl-openal\3.2.3\106742e805803ab9eab8e343f0fb31a3d263903c\lwjgl-openal-3.2.3.jar;C:\Users\Adrian 2\.gradle\caches\modules-2\files-2.1\org.lwjgl\lwjgl-openal\3.2.3\ec898e8ce11b5886f4f532a1536283ef2817758d\lwjgl-openal-3.2.3-natives-windows.jar;C:\Users\Adrian 2\.gradle\caches\modules-2\files-2.1\org.lwjgl\lwjgl-opengl\3.2.3\bdd534a323d0c8f54969b95e424b6ac8984f7d6e\lwjgl-opengl-3.2.3.jar;C:\Users\Adrian 2\.gradle\caches\modules-2\files-2.1\org.lwjgl\lwjgl-opengl\3.2.3\e81cfc73ec8708e5e791ed770e4ec3edfc1bbab1\lwjgl-opengl-3.2.3-natives-windows.jar;C:\Users\Adrian 2\.gradle\caches\modules-2\files-2.1\org.lwjgl\lwjgl-stb\3.2.3\40eccaa4fa86fc815f2e17946a392fb5fdcc286a\lwjgl-stb-3.2.3.jar;C:\Users\Adrian 2\.gradle\caches\modules-2\files-2.1\org.lwjgl\lwjgl-stb\3.2.3\817b21ec286f0ba3dcedb56a3bd275e6a9345be9\lwjgl-stb-3.2.3-natives-windows.jar;C:\Users\Adrian 2\.gra
Launcher Type: SUN_STANDARD

[Global flags]
     intx CICompilerCount                          = 12                                        {product} {ergonomic}
     uint ConcGCThreads                            = 3                                         {product} {ergonomic}
     uint G1ConcRefinementThreads                  = 13                                        {product} {ergonomic}
   size_t G1HeapRegionSize                         = 2097152                                   {product} {ergonomic}
    uintx GCDrainStackTargetSize                   = 64                                        {product} {ergonomic}
   size_t InitialHeapSize                          = 534773760                                 {product} {ergonomic}
   size_t MarkStackSize                            = 4194304                                   {product} {ergonomic}
   size_t MaxHeapSize                              = 8543797248                                {product} {ergonomic}
   size_t MaxNewSize                               = 5125439488                                {product} {ergonomic}
   size_t MinHeapDeltaBytes                        = 2097152                                   {product} {ergonomic}
    uintx NonNMethodCodeHeapSize                   = 7594288                                {pd product} {ergonomic}
    uintx NonProfiledCodeHeapSize                  = 122031976                              {pd product} {ergonomic}
    uintx ProfiledCodeHeapSize                     = 122031976                              {pd product} {ergonomic}
    uintx ReservedCodeCacheSize                    = 251658240                              {pd product} {ergonomic}
     bool SegmentedCodeCache                       = true                                      {product} {ergonomic}
     bool UseCompressedClassPointers               = true                                 {lp64_product} {ergonomic}
     bool UseCompressedOops                        = true                                 {lp64_product} {ergonomic}
     bool UseG1GC                                  = true                                      {product} {ergonomic}
     bool UseLargePagesIndividualAllocation        = false                                  {pd product} {ergonomic}

Logging:
Log output configuration:
 #0: stdout all=warning uptime,level,tags
 #1: stderr all=off uptime,level,tags

Environment Variables:
JAVA_HOME=C:\Program Files\AdoptOpenJDK\jdk-11.0.9.101-hotspot\
PATH=C:\Program Files (x86)\Common Files\Oracle\Java\javapath;C:\Program Files\AdoptOpenJDK\jdk-11.0.9.101-hotspot\bin;C:\Program Files (x86)\Razer Chroma SDK\bin;C:\Program Files\Razer Chroma SDK\bin;C:\Program Files (x86)\Razer\ChromaBroadcast\bin;C:\Program Files\Razer\ChromaBroadcast\bin;C:\Program Files (x86)\Intel\iCLS Client\;C:\Program Files\Intel\iCLS Client\;C:\Windows\system32;C:\Windows;C:\Windows\System32\Wbem;C:\Windows\System32\WindowsPowerShell\v1.0\;C:\Program Files\NVIDIA Corporation\NVIDIA NvDLISR;C:\WINDOWS\system32;C:\WINDOWS;C:\WINDOWS\System32\Wbem;C:\WINDOWS\System32\WindowsPowerShell\v1.0\;C:\WINDOWS\System32\OpenSSH\;C:\Program Files (x86)\NVIDIA Corporation\PhysX\Common;C:\WINDOWS\system32\config\systemprofile\AppData\Local\Microsoft\WindowsApps;C:\Program Files\Git\cmd;C:\WINDOWS\system32;C:\WINDOWS;C:\WINDOWS\System32\Wbem;C:\WINDOWS\System32\WindowsPowerShell\v1.0\;C:\WINDOWS\System32\OpenSSH\;C:\Program Files\nodejs\;C:\Program Files\Docker\Docker\resources\bin;C:\ProgramData\DockerDesktop\version-bin;C:\Program Files\MySQL\MySQL Shell 8.0\bin\;C:\Users\Adrian 2\AppData\Local\Microsoft\WindowsApps;;C:\Users\Adrian 2\AppData\Local\Programs\Microsoft VS Code\bin;C:\Users\Adrian 2\AppData\Roaming\npm
USERNAME=Adrian 2
OS=Windows_NT
PROCESSOR_IDENTIFIER=Intel64 Family 6 Model 165 Stepping 5, GenuineIntel



---------------  S Y S T E M  ---------------

OS: Windows 10 , 64 bit Build 19041 (10.0.19041.1023)
OS uptime: 9 days 4:02 hours
HyperV virtualization detected

CPU:total 16 (initial active 16) (8 cores per cpu, 2 threads per core) family 6 model 165 stepping 5, cmov, cx8, fxsr, mmx, sse, sse2, sse3, ssse3, sse4.1, sse4.2, popcnt, avx, avx2, aes, clmul, erms, 3dnowpref, lzcnt, ht, tsc, tscinvbit, bmi1, bmi2, adx, fma

Memory: 4k page, system-wide physical 32585M (17476M free)
TotalPageFile size 37449M (AvailPageFile size 11320M)
current process WorkingSet (physical memory assigned to process): 184M, peak: 184M
current process commit charge ("private bytes"): 821M, peak: 822M

vm_info: OpenJDK 64-Bit Server VM (11.0.9.1+1) for windows-amd64 JRE (11.0.9.1+1), built on Nov 10 2020 15:18:49 by "" with MS VC++ 15.9 (VS2017)

END.
